# JRE version: OpenJDK Runtime Environment (8.0_352-b08) (build 1.8.0_352-b08)
# Java VM: OpenJDK 64-Bit Server VM (25.352-b08 mixed mode windows-amd64 compressed oops)
Heap:
 PSYoungGen      total 235520K, used 99927K [0x00000000e0980000, 0x00000000f4900000, 0x0000000100000000)
  eden space 218112K, 45% used [0x00000000e0980000,0x00000000e6b15fa8,0x00000000ede80000)
  from space 17408K, 0% used [0x00000000ede80000,0x00000000ede80000,0x00000000eef80000)
  to   space 16896K, 0% used [0x00000000f3880000,0x00000000f3880000,0x00000000f4900000)
 ParOldGen       total 66048K, used 24212K [0x00000000a1c00000, 0x00000000a5c80000, 0x00000000e0980000)
  object space 66048K, 36% used [0x00000000a1c00000,0x00000000a33a52b8,0x00000000a5c80000)
 Metaspace       used 60421K, capacity 63982K, committed 64216K, reserved 1103872K
  class space    used 8287K, capacity 8912K, committed 8960K, reserved 1048576K
GC Heap History (10 events):
Event: 9.777 GC heap before
{Heap before GC invocations=10 (full 1):
 PSYoungGen      total 172544K, used 81441K [0x00000000e0980000, 0x00000000ec180000, 0x0000000100000000)
  eden space 162304K, 43% used [0x00000000e0980000,0x00000000e4f0c320,0x00000000ea800000)
  from space 10240K, 99% used [0x00000000eb380000,0x00000000ebd7c498,0x00000000ebd80000)
  to   space 11776K, 0% used [0x00000000ea800000,0x00000000ea800000,0x00000000eb380000)
 ParOldGen       total 44544K, used 8448K [0x00000000a1c00000, 0x00000000a4780000, 0x00000000e0980000)
  object space 44544K, 18% used [0x00000000a1c00000,0x00000000a2440348,0x00000000a4780000)
 Metaspace       used 33235K, capacity 35364K, committed 35416K, reserved 1079296K
  class space    used 4303K, capacity 4700K, committed 4736K, reserved 1048576K
Event: 9.800 GC heap after
Heap after GC invocations=10 (full 1):
 PSYoungGen      total 174080K, used 11750K [0x00000000e0980000, 0x00000000f0080000, 0x0000000100000000)
  eden space 162304K, 0% used [0x00000000e0980000,0x00000000e0980000,0x00000000ea800000)
  from space 11776K, 99% used [0x00000000ea800000,0x00000000eb379bc0,0x00000000eb380000)
  to   space 13312K, 0% used [0x00000000ef380000,0x00000000ef380000,0x00000000f0080000)
 ParOldGen       total 44544K, used 9175K [0x00000000a1c00000, 0x00000000a4780000, 0x00000000e0980000)
  object space 44544K, 20% used [0x00000000a1c00000,0x00000000a24f5fb8,0x00000000a4780000)
 Metaspace       used 33235K, capacity 35364K, committed 35416K, reserved 1079296K
  class space    used 4303K, capacity 4700K, committed 4736K, reserved 1048576K
}
Event: 9.800 GC heap before
{Heap before GC invocations=11 (full 2):
 PSYoungGen      total 174080K, used 11750K [0x00000000e0980000, 0x00000000f0080000, 0x0000000100000000)
  eden space 162304K, 0% used [0x00000000e0980000,0x00000000e0980000,0x00000000ea800000)
  from space 11776K, 99% used [0x00000000ea800000,0x00000000eb379bc0,0x00000000eb380000)
  to   space 13312K, 0% used [0x00000000ef380000,0x00000000ef380000,0x00000000f0080000)
 ParOldGen       total 44544K, used 9175K [0x00000000a1c00000, 0x00000000a4780000, 0x00000000e0980000)
  object space 44544K, 20% used [0x00000000a1c00000,0x00000000a24f5fb8,0x00000000a4780000)
 Metaspace       used 33235K, capacity 35364K, committed 35416K, reserved 1079296K
  class space    used 4303K, capacity 4700K, committed 4736K, reserved 1048576K
Event: 9.872 GC heap after
Heap after GC invocations=11 (full 2):
 PSYoungGen      total 174080K, used 0K [0x00000000e0980000, 0x00000000f0080000, 0x0000000100000000)
  eden space 162304K, 0% used [0x00000000e0980000,0x00000000e0980000,0x00000000ea800000)
  from space 11776K, 0% used [0x00000000ea800000,0x00000000ea800000,0x00000000eb380000)
  to   space 13312K, 0% used [0x00000000ef380000,0x00000000ef380000,0x00000000f0080000)
 ParOldGen       total 66048K, used 17289K [0x00000000a1c00000, 0x00000000a5c80000, 0x00000000e0980000)
  object space 66048K, 26% used [0x00000000a1c00000,0x00000000a2ce2678,0x00000000a5c80000)
 Metaspace       used 33235K, capacity 35364K, committed 35416K, reserved 1079296K
  class space    used 4303K, capacity 4700K, committed 4736K, reserved 1048576K
}
Event: 13.799 GC heap before
{Heap before GC invocations=12 (full 2):
 PSYoungGen      total 174080K, used 162304K [0x00000000e0980000, 0x00000000f0080000, 0x0000000100000000)
  eden space 162304K, 100% used [0x00000000e0980000,0x00000000ea800000,0x00000000ea800000)
  from space 11776K, 0% used [0x00000000ea800000,0x00000000ea800000,0x00000000eb380000)
  to   space 13312K, 0% used [0x00000000ef380000,0x00000000ef380000,0x00000000f0080000)
 ParOldGen       total 66048K, used 17289K [0x00000000a1c00000, 0x00000000a5c80000, 0x00000000e0980000)
  object space 66048K, 26% used [0x00000000a1c00000,0x00000000a2ce2678,0x00000000a5c80000)
 Metaspace       used 51233K, capacity 53918K, committed 54104K, reserved 1095680K
  class space    used 6984K, capacity 7470K, committed 7552K, reserved 1048576K
Event: 13.819 GC heap after
Heap after GC invocations=12 (full 2):
 PSYoungGen      total 230912K, used 13295K [0x00000000e0980000, 0x00000000f0080000, 0x0000000100000000)
  eden space 217600K, 0% used [0x00000000e0980000,0x00000000e0980000,0x00000000ede00000)
  from space 13312K, 99% used [0x00000000ef380000,0x00000000f007bdd8,0x00000000f0080000)
  to   space 17408K, 0% used [0x00000000ede80000,0x00000000ede80000,0x00000000eef80000)
 ParOldGen       total 66048K, used 23430K [0x00000000a1c00000, 0x00000000a5c80000, 0x00000000e0980000)
  object space 66048K, 35% used [0x00000000a1c00000,0x00000000a32e1980,0x00000000a5c80000)
 Metaspace       used 51233K, capacity 53918K, committed 54104K, reserved 1095680K
  class space    used 6984K, capacity 7470K, committed 7552K, reserved 1048576K
}
Event: 15.371 GC heap before
{Heap before GC invocations=13 (full 2):
 PSYoungGen      total 230912K, used 76469K [0x00000000e0980000, 0x00000000f0080000, 0x0000000100000000)
  eden space 217600K, 29% used [0x00000000e0980000,0x00000000e4731718,0x00000000ede00000)
  from space 13312K, 99% used [0x00000000ef380000,0x00000000f007bdd8,0x00000000f0080000)
  to   space 17408K, 0% used [0x00000000ede80000,0x00000000ede80000,0x00000000eef80000)
 ParOldGen       total 66048K, used 23430K [0x00000000a1c00000, 0x00000000a5c80000, 0x00000000e0980000)
  object space 66048K, 35% used [0x00000000a1c00000,0x00000000a32e1980,0x00000000a5c80000)
 Metaspace       used 55497K, capacity 58906K, committed 59028K, reserved 1099776K
  class space    used 7578K, capacity 8184K, committed 8192K, reserved 1048576K
Event: 15.397 GC heap after
Heap after GC invocations=13 (full 2):
 PSYoungGen      total 235520K, used 5425K [0x00000000e0980000, 0x00000000f4900000, 0x0000000100000000)
  eden space 218112K, 0% used [0x00000000e0980000,0x00000000e0980000,0x00000000ede80000)
  from space 17408K, 31% used [0x00000000ede80000,0x00000000ee3cc778,0x00000000eef80000)
  to   space 16896K, 0% used [0x00000000f3880000,0x00000000f3880000,0x00000000f4900000)
 ParOldGen       total 66048K, used 29007K [0x00000000a1c00000, 0x00000000a5c80000, 0x00000000e0980000)
  object space 66048K, 43% used [0x00000000a1c00000,0x00000000a3853f70,0x00000000a5c80000)
 Metaspace       used 55497K, capacity 58906K, committed 59028K, reserved 1099776K
  class space    used 7578K, capacity 8184K, committed 8192K, reserved 1048576K
}
Event: 15.397 GC heap before
{Heap before GC invocations=14 (full 3):
 PSYoungGen      total 235520K, used 5425K [0x00000000e0980000, 0x00000000f4900000, 0x0000000100000000)
  eden space 218112K, 0% used [0x00000000e0980000,0x00000000e0980000,0x00000000ede80000)
  from space 17408K, 31% used [0x00000000ede80000,0x00000000ee3cc778,0x00000000eef80000)
  to   space 16896K, 0% used [0x00000000f3880000,0x00000000f3880000,0x00000000f4900000)
 ParOldGen       total 66048K, used 29007K [0x00000000a1c00000, 0x00000000a5c80000, 0x00000000e0980000)
  object space 66048K, 43% used [0x00000000a1c00000,0x00000000a3853f70,0x00000000a5c80000)
 Metaspace       used 55497K, capacity 58906K, committed 59028K, reserved 1099776K
  class space    used 7578K, capacity 8184K, committed 8192K, reserved 1048576K
Event: 15.611 GC heap after
Heap after GC invocations=14 (full 3):
 PSYoungGen      total 235520K, used 0K [0x00000000e0980000, 0x00000000f4900000, 0x0000000100000000)
  eden space 218112K, 0% used [0x00000000e0980000,0x00000000e0980000,0x00000000ede80000)
  from space 17408K, 0% used [0x00000000ede80000,0x00000000ede80000,0x00000000eef80000)
  to   space 16896K, 0% used [0x00000000f3880000,0x00000000f3880000,0x00000000f4900000)
 ParOldGen       total 66048K, used 24212K [0x00000000a1c00000, 0x00000000a5c80000, 0x00000000e0980000)
  object space 66048K, 36% used [0x00000000a1c00000,0x00000000a33a52b8,0x00000000a5c80000)
 Metaspace       used 55493K, capacity 58900K, committed 59028K, reserved 1099776K
  class space    used 7578K, capacity 8183K, committed 8192K, reserved 1048576K
}

