# JRE version: OpenJDK Runtime Environment (8.0_352-b08) (build 1.8.0_352-b08)
# Java VM: OpenJDK 64-Bit Server VM (25.352-b08 mixed mode windows-amd64 compressed oops)
Heap:
 PSYoungGen      total 168448K, used 11078K [0x00000000e0980000, 0x00000000ef080000, 0x0000000100000000)
  eden space 156672K, 7% used [0x00000000e0980000,0x00000000e1451958,0x00000000ea280000)
  from space 11776K, 0% used [0x00000000ea280000,0x00000000ea280000,0x00000000eae00000)
  to   space 13824K, 0% used [0x00000000ee300000,0x00000000ee300000,0x00000000ef080000)
 ParOldGen       total 70656K, used 17560K [0x00000000a1c00000, 0x00000000a6100000, 0x00000000e0980000)
  object space 70656K, 24% used [0x00000000a1c00000,0x00000000a2d26020,0x00000000a6100000)
 Metaspace       used 33889K, capacity 36064K, committed 36312K, reserved 1081344K
  class space    used 4397K, capacity 4806K, committed 4864K, reserved 1048576K
GC Heap History (10 events):
Event: 5.764 GC heap before
{Heap before GC invocations=7 (full 1):
 PSYoungGen      total 106496K, used 6359K [0x00000000e0980000, 0x00000000e7a80000, 0x0000000100000000)
  eden space 98304K, 0% used [0x00000000e0980000,0x00000000e0980000,0x00000000e6980000)
  from space 8192K, 77% used [0x00000000e7280000,0x00000000e78b5c60,0x00000000e7a80000)
  to   space 8704K, 0% used [0x00000000e6980000,0x00000000e6980000,0x00000000e7200000)
 ParOldGen       total 65536K, used 8449K [0x00000000a1c00000, 0x00000000a5c00000, 0x00000000e0980000)
  object space 65536K, 12% used [0x00000000a1c00000,0x00000000a24406d8,0x00000000a5c00000)
 Metaspace       used 20176K, capacity 21086K, committed 21248K, reserved 1067008K
  class space    used 2505K, capacity 2712K, committed 2816K, reserved 1048576K
Event: 5.819 GC heap after
Heap after GC invocations=7 (full 1):
 PSYoungGen      total 106496K, used 0K [0x00000000e0980000, 0x00000000e7a80000, 0x0000000100000000)
  eden space 98304K, 0% used [0x00000000e0980000,0x00000000e0980000,0x00000000e6980000)
  from space 8192K, 0% used [0x00000000e7280000,0x00000000e7280000,0x00000000e7a80000)
  to   space 8704K, 0% used [0x00000000e6980000,0x00000000e6980000,0x00000000e7200000)
 ParOldGen       total 45056K, used 6914K [0x00000000a1c00000, 0x00000000a4800000, 0x00000000e0980000)
  object space 45056K, 15% used [0x00000000a1c00000,0x00000000a22c0b78,0x00000000a4800000)
 Metaspace       used 20176K, capacity 21086K, committed 21248K, reserved 1067008K
  class space    used 2505K, capacity 2712K, committed 2816K, reserved 1048576K
}
Event: 7.458 GC heap before
{Heap before GC invocations=8 (full 1):
 PSYoungGen      total 106496K, used 98304K [0x00000000e0980000, 0x00000000e7a80000, 0x0000000100000000)
  eden space 98304K, 100% used [0x00000000e0980000,0x00000000e6980000,0x00000000e6980000)
  from space 8192K, 0% used [0x00000000e7280000,0x00000000e7280000,0x00000000e7a80000)
  to   space 8704K, 0% used [0x00000000e6980000,0x00000000e6980000,0x00000000e7200000)
 ParOldGen       total 45056K, used 6914K [0x00000000a1c00000, 0x00000000a4800000, 0x00000000e0980000)
  object space 45056K, 15% used [0x00000000a1c00000,0x00000000a22c0b78,0x00000000a4800000)
 Metaspace       used 22866K, capacity 23974K, committed 24064K, reserved 1071104K
  class space    used 2820K, capacity 3057K, committed 3072K, reserved 1048576K
Event: 7.474 GC heap after
Heap after GC invocations=8 (full 1):
 PSYoungGen      total 107008K, used 8678K [0x00000000e0980000, 0x00000000eb980000, 0x0000000100000000)
  eden space 98304K, 0% used [0x00000000e0980000,0x00000000e0980000,0x00000000e6980000)
  from space 8704K, 99% used [0x00000000e6980000,0x00000000e71f9838,0x00000000e7200000)
  to   space 10240K, 0% used [0x00000000eaf80000,0x00000000eaf80000,0x00000000eb980000)
 ParOldGen       total 45056K, used 7029K [0x00000000a1c00000, 0x00000000a4800000, 0x00000000e0980000)
  object space 45056K, 15% used [0x00000000a1c00000,0x00000000a22dd400,0x00000000a4800000)
 Metaspace       used 22866K, capacity 23974K, committed 24064K, reserved 1071104K
  class space    used 2820K, capacity 3057K, committed 3072K, reserved 1048576K
}
Event: 9.822 GC heap before
{Heap before GC invocations=9 (full 1):
 PSYoungGen      total 107008K, used 106982K [0x00000000e0980000, 0x00000000eb980000, 0x0000000100000000)
  eden space 98304K, 100% used [0x00000000e0980000,0x00000000e6980000,0x00000000e6980000)
  from space 8704K, 99% used [0x00000000e6980000,0x00000000e71f9838,0x00000000e7200000)
  to   space 10240K, 0% used [0x00000000eaf80000,0x00000000eaf80000,0x00000000eb980000)
 ParOldGen       total 45056K, used 7029K [0x00000000a1c00000, 0x00000000a4800000, 0x00000000e0980000)
  object space 45056K, 15% used [0x00000000a1c00000,0x00000000a22dd400,0x00000000a4800000)
 Metaspace       used 28298K, capacity 29800K, committed 30080K, reserved 1075200K
  class space    used 3590K, capacity 3870K, committed 3968K, reserved 1048576K
Event: 9.838 GC heap after
Heap after GC invocations=9 (full 1):
 PSYoungGen      total 166400K, used 10221K [0x00000000e0980000, 0x00000000eb980000, 0x0000000100000000)
  eden space 156160K, 0% used [0x00000000e0980000,0x00000000e0980000,0x00000000ea200000)
  from space 10240K, 99% used [0x00000000eaf80000,0x00000000eb97b738,0x00000000eb980000)
  to   space 11776K, 0% used [0x00000000ea280000,0x00000000ea280000,0x00000000eae00000)
 ParOldGen       total 45056K, used 7711K [0x00000000a1c00000, 0x00000000a4800000, 0x00000000e0980000)
  object space 45056K, 17% used [0x00000000a1c00000,0x00000000a2387f78,0x00000000a4800000)
 Metaspace       used 28298K, capacity 29800K, committed 30080K, reserved 1075200K
  class space    used 3590K, capacity 3870K, committed 3968K, reserved 1048576K
}
Event: 12.212 GC heap before
{Heap before GC invocations=10 (full 1):
 PSYoungGen      total 166400K, used 87609K [0x00000000e0980000, 0x00000000eb980000, 0x0000000100000000)
  eden space 156160K, 49% used [0x00000000e0980000,0x00000000e5512ed0,0x00000000ea200000)
  from space 10240K, 99% used [0x00000000eaf80000,0x00000000eb97b738,0x00000000eb980000)
  to   space 11776K, 0% used [0x00000000ea280000,0x00000000ea280000,0x00000000eae00000)
 ParOldGen       total 45056K, used 7711K [0x00000000a1c00000, 0x00000000a4800000, 0x00000000e0980000)
  object space 45056K, 17% used [0x00000000a1c00000,0x00000000a2387f78,0x00000000a4800000)
 Metaspace       used 33231K, capacity 35354K, committed 35416K, reserved 1079296K
  class space    used 4302K, capacity 4699K, committed 4736K, reserved 1048576K
Event: 12.231 GC heap after
Heap after GC invocations=10 (full 1):
 PSYoungGen      total 168448K, used 11773K [0x00000000e0980000, 0x00000000ef080000, 0x0000000100000000)
  eden space 156672K, 0% used [0x00000000e0980000,0x00000000e0980000,0x00000000ea280000)
  from space 11776K, 99% used [0x00000000ea280000,0x00000000eadff510,0x00000000eae00000)
  to   space 13824K, 0% used [0x00000000ee300000,0x00000000ee300000,0x00000000ef080000)
 ParOldGen       total 45056K, used 8927K [0x00000000a1c00000, 0x00000000a4800000, 0x00000000e0980000)
  object space 45056K, 19% used [0x00000000a1c00000,0x00000000a24b7e18,0x00000000a4800000)
 Metaspace       used 33231K, capacity 35354K, committed 35416K, reserved 1079296K
  class space    used 4302K, capacity 4699K, committed 4736K, reserved 1048576K
}
Event: 12.231 GC heap before
{Heap before GC invocations=11 (full 2):
 PSYoungGen      total 168448K, used 11773K [0x00000000e0980000, 0x00000000ef080000, 0x0000000100000000)
  eden space 156672K, 0% used [0x00000000e0980000,0x00000000e0980000,0x00000000ea280000)
  from space 11776K, 99% used [0x00000000ea280000,0x00000000eadff510,0x00000000eae00000)
  to   space 13824K, 0% used [0x00000000ee300000,0x00000000ee300000,0x00000000ef080000)
 ParOldGen       total 45056K, used 8927K [0x00000000a1c00000, 0x00000000a4800000, 0x00000000e0980000)
  object space 45056K, 19% used [0x00000000a1c00000,0x00000000a24b7e18,0x00000000a4800000)
 Metaspace       used 33231K, capacity 35354K, committed 35416K, reserved 1079296K
  class space    used 4302K, capacity 4699K, committed 4736K, reserved 1048576K
Event: 12.306 GC heap after
Heap after GC invocations=11 (full 2):
 PSYoungGen      total 168448K, used 0K [0x00000000e0980000, 0x00000000ef080000, 0x0000000100000000)
  eden space 156672K, 0% used [0x00000000e0980000,0x00000000e0980000,0x00000000ea280000)
  from space 11776K, 0% used [0x00000000ea280000,0x00000000ea280000,0x00000000eae00000)
  to   space 13824K, 0% used [0x00000000ee300000,0x00000000ee300000,0x00000000ef080000)
 ParOldGen       total 70656K, used 17560K [0x00000000a1c00000, 0x00000000a6100000, 0x00000000e0980000)
  object space 70656K, 24% used [0x00000000a1c00000,0x00000000a2d26020,0x00000000a6100000)
 Metaspace       used 33231K, capacity 35354K, committed 35416K, reserved 1079296K
  class space    used 4302K, capacity 4699K, committed 4736K, reserved 1048576K
}

