# JRE version: OpenJDK Runtime Environment (19.0.1+10) (build 19.0.1+10-21)
# Java VM: OpenJDK 64-Bit Server VM (19.0.1+10-21, mixed mode, sharing, tiered, compressed oops, compressed class ptrs, g1 gc, windows-amd64)
GC Precious Log:
 CardTable entry size: 512
 Card Set container configuration: InlinePtr #cards 5 size 8 Array Of Cards #cards 12 size 40 Howl #buckets 4 coarsen threshold 1843 Howl Bitmap #cards 512 size 80 coarsen threshold 460 Card regions per heap region 1 cards per card region 2048
 CPUs: 8 total, 8 available
 Memory: 6030M
 Large Page Support: Disabled
 NUMA Support: Disabled
 Compressed Oops: Enabled (32-bit)
 Heap Region Size: 1M
 Heap Min Capacity: 8M
 Heap Initial Capacity: 96M
 Heap Max Capacity: 1508M
 Pre-touch: Disabled
 Parallel Workers: 8
 Concurrent Workers: 2
 Concurrent Refinement Workers: 8
 Periodic GC: Disabled
Heap:
 garbage-first heap   total 63488K, used 35566K [0x00000000a1c00000, 0x0000000100000000)
  region size 1024K, 5 young (5120K), 2 survivors (2048K)
 Metaspace       used 66436K, committed 66944K, reserved 1114112K
  class space    used 8484K, committed 8704K, reserved 1048576K
GC Heap History (20 events):
Event: 29.643 GC heap before
{Heap before GC invocations=14 (full 0):
 garbage-first heap   total 55296K, used 42694K [0x00000000a1c00000, 0x0000000100000000)
  region size 1024K, 19 young (19456K), 1 survivors (1024K)
 Metaspace       used 50049K, committed 50496K, reserved 1114112K
  class space    used 6422K, committed 6656K, reserved 1048576K
}
Event: 29.648 GC heap after
{Heap after GC invocations=15 (full 0):
 garbage-first heap   total 55296K, used 25458K [0x00000000a1c00000, 0x0000000100000000)
  region size 1024K, 3 young (3072K), 3 survivors (3072K)
 Metaspace       used 50049K, committed 50496K, reserved 1114112K
  class space    used 6422K, committed 6656K, reserved 1048576K
}
Event: 30.342 GC heap before
{Heap before GC invocations=15 (full 0):
 garbage-first heap   total 55296K, used 41842K [0x00000000a1c00000, 0x0000000100000000)
  region size 1024K, 20 young (20480K), 3 survivors (3072K)
 Metaspace       used 51923K, committed 52416K, reserved 1114112K
  class space    used 6674K, committed 6912K, reserved 1048576K
}
Event: 30.348 GC heap after
{Heap after GC invocations=16 (full 0):
 garbage-first heap   total 55296K, used 26287K [0x00000000a1c00000, 0x0000000100000000)
  region size 1024K, 3 young (3072K), 3 survivors (3072K)
 Metaspace       used 51923K, committed 52416K, reserved 1114112K
  class space    used 6674K, committed 6912K, reserved 1048576K
}
Event: 31.131 GC heap before
{Heap before GC invocations=16 (full 0):
 garbage-first heap   total 55296K, used 43695K [0x00000000a1c00000, 0x0000000100000000)
  region size 1024K, 20 young (20480K), 3 survivors (3072K)
 Metaspace       used 53925K, committed 54272K, reserved 1114112K
  class space    used 6930K, committed 7104K, reserved 1048576K
}
Event: 31.136 GC heap after
{Heap after GC invocations=17 (full 0):
 garbage-first heap   total 55296K, used 27561K [0x00000000a1c00000, 0x0000000100000000)
  region size 1024K, 3 young (3072K), 3 survivors (3072K)
 Metaspace       used 53925K, committed 54272K, reserved 1114112K
  class space    used 6930K, committed 7104K, reserved 1048576K
}
Event: 32.378 GC heap before
{Heap before GC invocations=17 (full 0):
 garbage-first heap   total 55296K, used 42921K [0x00000000a1c00000, 0x0000000100000000)
  region size 1024K, 18 young (18432K), 3 survivors (3072K)
 Metaspace       used 56210K, committed 56640K, reserved 1114112K
  class space    used 7226K, committed 7424K, reserved 1048576K
}
Event: 32.383 GC heap after
{Heap after GC invocations=18 (full 0):
 garbage-first heap   total 55296K, used 28267K [0x00000000a1c00000, 0x0000000100000000)
  region size 1024K, 2 young (2048K), 2 survivors (2048K)
 Metaspace       used 56210K, committed 56640K, reserved 1114112K
  class space    used 7226K, committed 7424K, reserved 1048576K
}
Event: 33.588 GC heap before
{Heap before GC invocations=19 (full 0):
 garbage-first heap   total 55296K, used 43627K [0x00000000a1c00000, 0x0000000100000000)
  region size 1024K, 18 young (18432K), 2 survivors (2048K)
 Metaspace       used 60636K, committed 61184K, reserved 1114112K
  class space    used 7796K, committed 8064K, reserved 1048576K
}
Event: 33.599 GC heap after
{Heap after GC invocations=20 (full 0):
 garbage-first heap   total 55296K, used 30510K [0x00000000a1c00000, 0x0000000100000000)
  region size 1024K, 3 young (3072K), 3 survivors (3072K)
 Metaspace       used 60636K, committed 61184K, reserved 1114112K
  class space    used 7796K, committed 8064K, reserved 1048576K
}
Event: 33.698 GC heap before
{Heap before GC invocations=20 (full 0):
 garbage-first heap   total 55296K, used 31534K [0x00000000a1c00000, 0x0000000100000000)
  region size 1024K, 4 young (4096K), 3 survivors (3072K)
 Metaspace       used 61189K, committed 61632K, reserved 1114112K
  class space    used 7869K, committed 8064K, reserved 1048576K
}
Event: 33.706 GC heap after
{Heap after GC invocations=21 (full 0):
 garbage-first heap   total 55296K, used 30851K [0x00000000a1c00000, 0x0000000100000000)
  region size 1024K, 1 young (1024K), 1 survivors (1024K)
 Metaspace       used 61189K, committed 61632K, reserved 1114112K
  class space    used 7869K, committed 8064K, reserved 1048576K
}
Event: 34.129 GC heap before
{Heap before GC invocations=21 (full 0):
 garbage-first heap   total 55296K, used 43139K [0x00000000a1c00000, 0x0000000100000000)
  region size 1024K, 14 young (14336K), 1 survivors (1024K)
 Metaspace       used 63443K, committed 63936K, reserved 1114112K
  class space    used 8130K, committed 8384K, reserved 1048576K
}
Event: 34.134 GC heap after
{Heap after GC invocations=22 (full 0):
 garbage-first heap   total 55296K, used 31607K [0x00000000a1c00000, 0x0000000100000000)
  region size 1024K, 2 young (2048K), 2 survivors (2048K)
 Metaspace       used 63443K, committed 63936K, reserved 1114112K
  class space    used 8130K, committed 8384K, reserved 1048576K
}
Event: 34.543 GC heap before
{Heap before GC invocations=23 (full 0):
 garbage-first heap   total 63488K, used 41847K [0x00000000a1c00000, 0x0000000100000000)
  region size 1024K, 13 young (13312K), 2 survivors (2048K)
 Metaspace       used 64395K, committed 64832K, reserved 1114112K
  class space    used 8257K, committed 8448K, reserved 1048576K
}
Event: 34.548 GC heap after
{Heap after GC invocations=24 (full 0):
 garbage-first heap   total 63488K, used 32159K [0x00000000a1c00000, 0x0000000100000000)
  region size 1024K, 1 young (1024K), 1 survivors (1024K)
 Metaspace       used 64395K, committed 64832K, reserved 1114112K
  class space    used 8257K, committed 8448K, reserved 1048576K
}
Event: 34.595 GC heap before
{Heap before GC invocations=24 (full 0):
 garbage-first heap   total 63488K, used 34207K [0x00000000a1c00000, 0x0000000100000000)
  region size 1024K, 3 young (3072K), 1 survivors (1024K)
 Metaspace       used 64403K, committed 64896K, reserved 1114112K
  class space    used 8257K, committed 8448K, reserved 1048576K
}
Event: 34.601 GC heap after
{Heap after GC invocations=25 (full 0):
 garbage-first heap   total 63488K, used 32122K [0x00000000a1c00000, 0x0000000100000000)
  region size 1024K, 1 young (1024K), 1 survivors (1024K)
 Metaspace       used 64403K, committed 64896K, reserved 1114112K
  class space    used 8257K, committed 8448K, reserved 1048576K
}
Event: 35.618 GC heap before
{Heap before GC invocations=25 (full 0):
 garbage-first heap   total 63488K, used 48506K [0x00000000a1c00000, 0x0000000100000000)
  region size 1024K, 18 young (18432K), 1 survivors (1024K)
 Metaspace       used 66091K, committed 66688K, reserved 1114112K
  class space    used 8445K, committed 8704K, reserved 1048576K
}
Event: 35.623 GC heap after
{Heap after GC invocations=26 (full 0):
 garbage-first heap   total 63488K, used 33518K [0x00000000a1c00000, 0x0000000100000000)
  region size 1024K, 2 young (2048K), 2 survivors (2048K)
 Metaspace       used 66091K, committed 66688K, reserved 1114112K
  class space    used 8445K, committed 8704K, reserved 1048576K
}

